<?xml version="1.0" encoding="UTF-8"?>
<testng-results ignored="0" total="1" passed="1" failed="0" skipped="0">
  <reporter-output>
  </reporter-output>
  <suite started-at="2023-03-02T09:27:00Z" name="Suite" finished-at="2023-03-02T09:27:01Z" duration-ms="872">
    <groups>
    </groups>
    <test started-at="2023-03-02T09:27:00Z" name="Test" finished-at="2023-03-02T09:27:01Z" duration-ms="872">
      <class name="com.qa.utility.TestNG_Engine">
        <test-method signature="TestGun()[pri:0, instance:com.qa.utility.TestNG_Engine@1df8b5b8]" started-at="2023-03-02T09:27:00Z" name="TestGun" finished-at="2023-03-02T09:27:01Z" duration-ms="835" status="PASS">
          <reporter-output>
          </reporter-output>
        </test-method> <!-- TestGun -->
      </class> <!-- com.qa.utility.TestNG_Engine -->
    </test> <!-- Test -->
  </suite> <!-- Suite -->
</testng-results>
