<?xml version="1.0" encoding="UTF-8"?>
<testng-results ignored="0" total="1" passed="1" failed="0" skipped="0">
  <reporter-output>
  </reporter-output>
  <suite started-at="2023-03-07T00:38:56 IST" name="Default suite" finished-at="2023-03-07T00:39:14 IST" duration-ms="18293">
    <groups>
    </groups>
    <test started-at="2023-03-07T00:38:56 IST" name="Default test" finished-at="2023-03-07T00:39:14 IST" duration-ms="18293">
      <class name="com.qa.test.Sauce_product_ApiQuality">
        <test-method is-config="true" signature="init()[pri:0, instance:com.qa.test.Sauce_product_ApiQuality@3b6ddd1d]" started-at="2023-03-07T00:38:56 IST" name="init" finished-at="2023-03-07T00:38:56 IST" duration-ms="310" status="PASS">
          <reporter-output>
          </reporter-output>
        </test-method> <!-- init -->
        <test-method is-config="true" signature="setup()[pri:0, instance:com.qa.test.Sauce_product_ApiQuality@3b6ddd1d]" started-at="2023-03-07T00:38:56 IST" name="setup" finished-at="2023-03-07T00:39:02 IST" duration-ms="5422" status="PASS">
          <reporter-output>
          </reporter-output>
        </test-method> <!-- setup -->
        <test-method signature="removefromcart()[pri:0, instance:com.qa.test.Sauce_product_ApiQuality@3b6ddd1d]" started-at="2023-03-07T00:39:02 IST" name="removefromcart" finished-at="2023-03-07T00:39:14 IST" duration-ms="12448" status="PASS">
          <reporter-output>
          </reporter-output>
        </test-method> <!-- removefromcart -->
        <test-method is-config="true" signature="tearDown()[pri:0, instance:com.qa.test.Sauce_product_ApiQuality@3b6ddd1d]" started-at="2023-03-07T00:39:14 IST" name="tearDown" finished-at="2023-03-07T00:39:14 IST" duration-ms="293" status="PASS">
          <reporter-output>
          </reporter-output>
        </test-method> <!-- tearDown -->
        <test-method is-config="true" signature="flush()[pri:0, instance:com.qa.test.Sauce_product_ApiQuality@3b6ddd1d]" started-at="2023-03-07T00:39:14 IST" name="flush" finished-at="2023-03-07T00:39:15 IST" duration-ms="232" status="PASS">
          <reporter-output>
          </reporter-output>
        </test-method> <!-- flush -->
      </class> <!-- com.qa.test.Sauce_product_ApiQuality -->
    </test> <!-- Default test -->
  </suite> <!-- Default suite -->
</testng-results>
