<?xml version="1.0" encoding="UTF-8"?>
<testng-results ignored="0" total="1" passed="1" failed="0" skipped="0">
  <reporter-output>
  </reporter-output>
  <suite started-at="2023-03-04T13:02:54 IST" name="Default suite" finished-at="2023-03-04T13:03:46 IST" duration-ms="51976">
    <groups>
    </groups>
    <test started-at="2023-03-04T13:02:54 IST" name="Default test" finished-at="2023-03-04T13:03:46 IST" duration-ms="51976">
      <class name="com.qa.test.About_Detail">
        <test-method is-config="true" signature="init()[pri:0, instance:com.qa.test.About_Detail@3b6ddd1d]" started-at="2023-03-04T13:02:54 IST" name="init" finished-at="2023-03-04T13:02:54 IST" duration-ms="180" status="PASS">
          <reporter-output>
          </reporter-output>
        </test-method> <!-- init -->
        <test-method is-config="true" signature="setup()[pri:0, instance:com.qa.test.About_Detail@3b6ddd1d]" started-at="2023-03-04T13:02:54 IST" name="setup" finished-at="2023-03-04T13:02:59 IST" duration-ms="4559" status="PASS">
          <reporter-output>
          </reporter-output>
        </test-method> <!-- setup -->
        <test-method signature="AboutDetail()[pri:0, instance:com.qa.test.About_Detail@3b6ddd1d]" started-at="2023-03-04T13:02:59 IST" name="AboutDetail" finished-at="2023-03-04T13:03:46 IST" duration-ms="47092" status="PASS">
          <reporter-output>
          </reporter-output>
        </test-method> <!-- AboutDetail -->
        <test-method is-config="true" signature="tearDown()[pri:0, instance:com.qa.test.About_Detail@3b6ddd1d]" started-at="2023-03-04T13:03:46 IST" name="tearDown" finished-at="2023-03-04T13:03:46 IST" duration-ms="283" status="PASS">
          <reporter-output>
          </reporter-output>
        </test-method> <!-- tearDown -->
        <test-method is-config="true" signature="flush()[pri:0, instance:com.qa.test.About_Detail@3b6ddd1d]" started-at="2023-03-04T13:03:46 IST" name="flush" finished-at="2023-03-04T13:03:46 IST" duration-ms="237" status="PASS">
          <reporter-output>
          </reporter-output>
        </test-method> <!-- flush -->
      </class> <!-- com.qa.test.About_Detail -->
    </test> <!-- Default test -->
  </suite> <!-- Default suite -->
</testng-results>
